build/outputs/mapping/debug/seeds.txt
com.hm.hustmedia.AppOpenManager_LifecycleAdapter
com.hm.hustmedia.openapp
com.hm.hustmedia.RewardActivity
com.hm.hustmedia.MyApplication
com.hm.hustmedia.MainActivity
com.hm.hustmedia.webnhung
com.hm.hustmedia.SplashActivity
com.hm.hustmedia.deeplink
com.hm.hustmedia.logingoogle
com.hm.hustmedia.AppOpenManager
com.hm.hustmedia.splash
com.hm.hustmedia.RewardActivity: RewardActivity()
com.hm.hustmedia.openapp: openapp()
com.hm.hustmedia.AppOpenManager: void onStart()
com.hm.hustmedia.MainActivity: MainActivity()
com.hm.hustmedia.AppOpenManager_LifecycleAdapter: AppOpenManager_LifecycleAdapter(com.hm.hustmedia.AppOpenManager)
com.hm.hustmedia.webnhung: webnhung()
com.hm.hustmedia.logingoogle: logingoogle()
com.hm.hustmedia.MyApplication: MyApplication()
com.hm.hustmedia.splash: splash()
com.hm.hustmedia.SplashActivity: SplashActivity()
com.hm.hustmedia.deeplink: deeplink()
com.hm.hustmedia.MainActivity$WebAppInterface: void copyToClipboard(java.lang.String)
...
com.google.android.gms.internal.ads.zzghw: com.google.android.gms.internal.ads.zzghw zzb
com.google.android.gms.internal.ads.zzbhn: com.google.android.gms.internal.ads.zzbhj zzo
com.google.android.gms.internal.ads.zzamz: long zzf
com.google.android.gms.internal.ads.zzgsu: com.google.android.gms.internal.ads.zzgst zzf
com.google.android.gms.internal.ads.zzbft: com.google.android.gms.internal.ads.zzbft zzb
com.google.android.gms.internal.ads.zzbfr: int zzk
com.google.android.gms.internal.ads.zzani: com.google.android.gms.internal.ads.zzani zzb
com.google.android.gms.internal.ads.zzani: int zze
com.google.android.gms.internal.ads.zzbff: com.google.android.gms.internal.ads.zzbff zzb
com.google.android.gms.internal.ads.zzbhh: java.lang.String zzf
com.google.android.gms.internal.ads.zzgsd: long zzg
com.google.android.gms.internal.ads.zzbgb: com.google.android.gms.internal.ads.zzbhl zzj
com.google.android.gms.ads.internal.client.zzq: android.os.Parcelable$Creator CREATOR
com.google.android.gms.internal.ads.zzbhn: int zzs
com.google.android.gms.internal.ads.zzghz: com.google.android.gms.internal.ads.zzghz zzb
android.support.v4.os.ResultReceiver: android.os.Parcelable$Creator CREATOR
com.google.android.gms.internal.ads.zzbhj: com.google.android.gms.internal.ads.zzbhj zzb
com.google.android.gms.internal.ads.zzanb: com.google.android.gms.internal.ads.zzgnf zzi
com.google.android.gms.internal.ads.zzanb: com.google.android.gms.internal.ads.zzgnf zzg
com.google.android.gms.internal.ads.zzarr: com.google.android.gms.internal.ads.zzgnf zzh
com.google.android.gms.internal.ads.zzamx: long zzap
com.google.android.gms.internal.ads.zzaru: java.lang.String zzg
com.google.android.gms.internal.ads.zzank: com.google.android.gms.internal.ads.zzgow zzf
com.google.ads.mediation.AbstractAdViewAdapter: com.google.android.gms.ads.AdView mAdView
com.google.android.gms.internal.ads.zzgso: long zzh
com.google.ads.mediation.admob.AdMobAdapter: java.lang.String AD_PARAMETER
com.google.android.gms.internal.ads.zzbgb: int zzh
com.google.android.gms.internal.ads.zzams: int zzg
com.google.android.gms.internal.ads.zzghi: com.google.android.gms.internal.ads.zzghi zzb
com.google.android.gms.internal.ads.zzamx: java.lang.String zzaq
com.google.android.gms.internal.ads.zzadc: android.os.Parcelable$Creator CREATOR
com.google.android.gms.ads.internal.client.zzdo: android.os.Parcelable$Creator CREATOR
com.google.android.gms.internal.ads.zzbic: int zzf
com.google.android.gms.internal.ads.zzgsy: com.google.android.gms.internal.ads.zzgnf zzi
com.google.android.gms.internal.ads.zzgfg: com.google.android.gms.internal.ads.zzgnf zzf
com.google.android.gms.internal.ads.zzbfg: com.google.android.gms.internal.ads.zzbfg zzb
com.google.android.gms.internal.ads.zzbig: int zze
com.google.android.gms.internal.ads.zzamx: long zzaR
com.google.android.gms.internal.ads.zzamx: int zzaB
com.google.android.gms.internal.ads.zzbhb: int zze
com.google.android.gms.internal.ads.zzx: android.os.Parcelable$Creator CREATOR
com.google.android.gms.internal.ads.zzalv: com.google.android.gms.internal.ads.zzalv zzb
com.google.android.gms.internal.ads.zzgjo: java.lang.String zze
com.google.android.gms.internal.ads.zzbfr: com.google.android.gms.internal.ads.zzbhj zzi
androidx.appcompat.widget.Toolbar$SavedState: android.os.Parcelable$Creator CREATOR
com.google.android.gms.internal.ads.zzfjh: java.lang.String zzr
com.google.android.gms.internal.ads.zzbhb: int zzh
com.google.android.gms.internal.ads.zzbgr: int zzf
com.google.android.gms.internal.ads.zzgkv: int zze
com.google.android.gms.internal.ads.zzarr: com.google.android.gms.internal.ads.zzarr zzb
com.google.android.gms.internal.ads.zzgge: com.google.android.gms.internal.ads.zzggk zzf
com.google.android.gms.internal.ads.zzaxf: android.os.Parcelable$Creator CREATOR
com.google.android.gms.internal.ads.zzgjs: com.google.android.gms.internal.ads.zzgjs zzb
com.google.android.gms.internal.ads.zzgtv: com.google.android.gms.internal.ads.zzgtv zzb