build/outputs/mapping/debug/usage.txt
com.hm.hustmedia.AppOpenManager:
    private static final java.lang.String AD_UNIT_ID
    private static final java.lang.String LOG_TAG
com.hm.hustmedia.BuildConfig
com.hm.hustmedia.ConnectionReceiver$ReceiverListener
com.hm.hustmedia.ConnectionReceiver
com.hm.hustmedia.Controller2
com.hm.hustmedia.Controller
com.hm.hustmedia.DetectConnection:
    public void <init>()
com.hm.hustmedia.MainActivity$2:
    private java.lang.String currentUrl
    public void onDownloadStart(java.lang.String,java.lang.String,java.lang.String,java.lang.String,long)
com.hm.hustmedia.MainActivity$MyWebChromeClient:
    protected android.widget.FrameLayout mFullscreenContainer
    public abstract void onDownloadStart(java.lang.String,java.lang.String,java.lang.String,java.lang.String,long)
com.hm.hustmedia.MainActivity:
    private static final int FILECHOOSER_RESULTCODE
com.hm.hustmedia.MyWebViewClient
com.hm.hustmedia.R$anim
com.hm.hustmedia.R$animator
com.hm.hustmedia.R$attr
com.hm.hustmedia.R$bool
com.hm.hustmedia.R$color
com.hm.hustmedia.R$dimen
com.hm.hustmedia.R$drawable
com.hm.hustmedia.R$id
com.hm.hustmedia.R$integer
com.hm.hustmedia.R$interpolator
com.hm.hustmedia.R$layout
com.hm.hustmedia.R$menu
com.hm.hustmedia.R$mipmap
com.hm.hustmedia.R$raw
com.hm.hustmedia.R$string
com.hm.hustmedia.R$style
com.hm.hustmedia.R$styleable
com.hm.hustmedia.R$xml
com.hm.hustmedia.R
com.hm.hustmedia.helloworld$1
com.hm.hustmedia.helloworld
com.hm.hustmedia.logingoogle:
    private static final java.lang.String PREFS_NAME
    private static final java.lang.String PREF_EMAIL
    private static final int RC_SIGN_IN
com.hm.hustmedia.webnhung$1:
    private java.lang.String currentUrl
com.hm.hustmedia.webnhung:
    private static final int FILECHOOSER_RESULTCODE
com.hm.hustmedia.AppOpenManager$2:
    public static void onAdLoaded()
com.hm.hustmedia.AppOpenManager:
    public static void <clinit>()
    public static synthetic com.google.android.gms.ads.appopen.AppOpenAd access$002()
    public static synthetic boolean access$102()
    public static com.google.android.gms.ads.AdRequest getAdRequest()
    public static void showAdIfAvailable()
    public static boolean wasLoadTimeLessThanNHoursAgo()
com.hm.hustmedia.DetectConnection
com.hm.hustmedia.MainActivity$1:
    public final synthetic com.hm.hustmedia.MainActivity this$0
com.hm.hustmedia.MainActivity$6:
    public final void onRefresh()
com.hm.hustmedia.MainActivity:
    public static synthetic android.webkit.WebView access$000()
    public static synthetic android.widget.VideoView access$100()
    public static synthetic void access$300()
    public static synthetic android.webkit.ValueCallback access$400()
    public static java.lang.String getDeviceId(android.content.Context)
    public static void showAdView()
com.hm.hustmedia.MyApplication$1:
    public final synthetic com.hm.hustmedia.MyApplication this$0
com.hm.hustmedia.MyApplication:
    public static com.hm.hustmedia.AppOpenManager appOpenManager
com.hm.hustmedia.RewardActivity$1:
    public static void onAdLoaded$1()
com.hm.hustmedia.RewardActivity$3:
    public final synthetic com.hm.hustmedia.RewardActivity this$0
    public final void onUserEarnedReward()
com.hm.hustmedia.RewardActivity:
    public final java.lang.String TAG
    public static synthetic com.google.android.gms.ads.rewarded.RewardedAd access$002()
    public static void loadRewardedAd()
    public static void showRewardedAd()
com.hm.hustmedia.SplashActivity:
    public static void <clinit>()
com.hm.hustmedia.logingoogle$4:
    public final void onFailure()
com.hm.hustmedia.logingoogle:
    public android.widget.TextView loggedInEmailTextView
    public static void handleSignInResult()
    public final void sendApiRequest(java.lang.String,java.lang.String)
    public static void signOut()
    public static void updateUI()
com.hm.hustmedia.splash$1:
    public final synthetic com.hm.hustmedia.splash this$0
...
com.google.android.gms.common.GoogleSignatureVerifier:
    private static volatile java.util.Set zzb
    private volatile java.lang.String zzd
    public boolean isPackageGoogleSigned(java.lang.String)
    public boolean isUidGoogleSigned(int)
    private final com.google.android.gms.common.zzx zzc(java.lang.String,boolean,boolean)
com.google.android.gms.common.GoogleSourceStampsChecker
com.google.android.gms.common.GoogleSourceStampsResult
com.google.android.gms.common.PackageSignatureVerifier
com.google.android.gms.common.PackageVerificationResult
com.google.android.gms.common.ProGuardCanary
com.google.android.gms.common.R$integer
com.google.android.gms.common.R$string:
    private void <init>()
com.google.android.gms.common.R
com.google.android.gms.common.Scopes
com.google.android.gms.common.SignInButton$ButtonSize
com.google.android.gms.common.SignInButton$ColorScheme
com.google.android.gms.common.SignInButton:
    public static final int COLOR_AUTO
    public static final int COLOR_DARK
    public static final int COLOR_LIGHT
    public static final int SIZE_ICON_ONLY
    public static final int SIZE_STANDARD
    public static final int SIZE_WIDE
    public void <init>(android.content.Context)
    public void setStyle(int,int,com.google.android.gms.common.api.Scope[])
com.google.android.gms.common.SupportErrorDialogFragment:
    public static com.google.android.gms.common.SupportErrorDialogFragment newInstance(android.app.Dialog)
com.google.android.gms.common.UserRecoverableException:
    private final android.content.Intent zza
    public void <init>(java.lang.String,android.content.Intent)
    public android.content.Intent getIntent()
com.google.android.gms.common.annotation.KeepForSdk
com.google.android.gms.common.annotation.KeepForSdkWithFieldsAndMethods
com.google.android.gms.common.annotation.KeepForSdkWithMembers
com.google.android.gms.common.annotation.NonNullApi
com.google.android.gms.common.api.Api$ApiOptions$HasOptions
com.google.android.gms.common.api.Api$ApiOptions$NotRequiredOptions
com.google.android.gms.common.api.Api$ApiOptions$Optional
com.google.android.gms.common.api.Api$BaseClientBuilder:
    public static final int API_PRIORITY_GAMES
    public static final int API_PRIORITY_OTHER
    public static final int API_PRIORITY_PLUS
    public java.util.List getImpliedScopes(java.lang.Object)
    public int getPriority()
com.google.android.gms.common.api.Api$Client:
    public abstract void dump(java.lang.String,java.io.FileDescriptor,java.io.PrintWriter,java.lang.String[])
    public abstract com.google.android.gms.common.Feature[] getRequiredFeatures()
    public abstract android.os.IBinder getServiceBrokerBinder()
    public abstract android.content.Intent getSignInIntent()
    public abstract boolean providesSignIn()
    public abstract boolean requiresAccount()
com.google.android.gms.common.api.Api:
    public final com.google.android.gms.common.api.Api$BaseClientBuilder zac()
com.google.android.gms.common.api.ApiException:
    public java.lang.String getStatusMessage()
com.google.android.gms.common.api.AvailabilityException:
    public com.google.android.gms.common.ConnectionResult getConnectionResult(com.google.android.gms.common.api.GoogleApi)
    public com.google.android.gms.common.ConnectionResult getConnectionResult(com.google.android.gms.common.api.HasApiKey)
com.google.android.gms.common.api.Batch$Builder
com.google.android.gms.common.api.Batch
com.google.android.gms.common.api.BatchResult
com.google.android.gms.common.api.BatchResultToken
com.google.android.gms.common.api.BooleanResult